[CONFIG] Saved evolution config to: best_chromosomes/evolution_config.json
[LOG] Logging to: best_chromosomes/evolution_20260212_213534.log

Gen    0 | best: 255.195 | avg: -98.878 | rule: ['reverse', 'left', 'left', 'wander', 'reverse', 'wander', 'wander', 'wander']
Gen    1 | best: 246.512 | avg: -28.938 | rule: ['wander', 'left', 'wander', 'left', 'reverse', 'forward', 'forward', 'left']
Gen    2 | best: 250.477 | avg: -268.279 | rule: ['wander', 'left', 'wander', 'left', 'reverse', 'forward', 'forward', 'left']
Gen    3 | best: 255.083 | avg: 60.918 | rule: ['forward', 'reverse', 'wander', 'reverse', 'reverse', 'forward', 'forward', 'left']
Gen    4 | best: 246.580 | avg: 148.788 | rule: ['forward', 'wander', 'forward', 'forward', 'reverse', 'wander', 'right', 'wander']
Gen    5 | best: 260.242 | avg: 42.850 | rule: ['wander', 'right', 'wander', 'forward', 'reverse', 'forward', 'left', 'forward']
Gen    6 | best: 253.425 | avg: -228.185 | rule: ['forward', 'wander', 'forward', 'right', 'right', 'reverse', 'right', 'wander']
Gen    7 | best: 248.914 | avg: -321.580 | rule: ['forward', 'left', 'reverse', 'forward', 'left', 'forward', 'forward', 'reverse']
Gen    8 | best: 243.911 | avg: -167.907 | rule: ['forward', 'left', 'reverse', 'forward', 'left', 'forward', 'forward', 'reverse']
Gen    9 | best: 244.288 | avg: -10.978 | rule: ['wander', 'forward', 'wander', 'forward', 'forward', 'forward', 'forward', 'wander']
Gen   10 | best: 250.349 | avg: -44.186 | rule: ['wander', 'right', 'wander', 'left', 'right', 'left', 'wander', 'forward']
Gen   11 | best: 252.000 | avg: 229.939 | rule: ['forward', 'reverse', 'left', 'reverse', 'right', 'right', 'wander', 'reverse']
Gen   12 | best: 253.848 | avg: 115.146 | rule: ['forward', 'left', 'reverse', 'reverse', 'right', 'right', 'forward', 'wander']
Gen   13 | best: 263.080 | avg: 47.125 | rule: ['forward', 'wander', 'forward', 'reverse', 'forward', 'forward', 'reverse', 'forward']
Gen   14 | best: 252.580 | avg: -89.668 | rule: ['wander', 'reverse', 'forward', 'forward', 'wander', 'wander', 'forward', 'reverse']
Gen   15 | best: 253.228 | avg: 112.994 | rule: ['wander', 'reverse', 'wander', 'forward', 'reverse', 'forward', 'forward', 'reverse']
Gen   16 | best: 251.595 | avg: 132.805 | rule: ['wander', 'wander', 'wander', 'reverse', 'forward', 'wander', 'reverse', 'forward']
Gen   17 | best: 245.523 | avg: 146.858 | rule: ['reverse', 'left', 'wander', 'reverse', 'forward', 'forward', 'right', 'forward']
Gen   18 | best: 248.361 | avg: 43.854 | rule: ['wander', 'reverse', 'reverse', 'wander', 'right', 'right', 'wander', 'wander']
Gen   19 | best: 250.591 | avg: 95.093 | rule: ['wander', 'forward', 'reverse', 'wander', 'reverse', 'right', 'wander', 'reverse']
Gen   20 | best: 251.611 | avg: 31.332 | rule: ['forward', 'wander', 'right', 'left', 'left', 'wander', 'left', 'reverse']
Gen   21 | best: 254.824 | avg: -9.298 | rule: ['wander', 'reverse', 'forward', 'reverse', 'left', 'forward', 'forward', 'reverse']
Gen   22 | best: 254.276 | avg: 77.686 | rule: ['reverse', 'left', 'forward', 'right', 'right', 'wander', 'wander', 'reverse']
Gen   23 | best: 257.394 | avg: 43.287 | rule: ['forward', 'left', 'wander', 'right', 'forward', 'wander', 'reverse', 'right']
Gen   24 | best: 249.268 | avg: -7.831 | rule: ['wander', 'left', 'wander', 'reverse', 'forward', 'forward', 'right', 'forward']
Gen   25 | best: 251.438 | avg: -7.750 | rule: ['reverse', 'wander', 'wander', 'forward', 'reverse', 'left', 'forward', 'reverse']
Gen   26 | best: 253.328 | avg: -213.040 | rule: ['wander', 'left', 'wander', 'left', 'reverse', 'reverse', 'right', 'wander']
Gen   27 | best: 251.213 | avg: -76.359 | rule: ['reverse', 'right', 'reverse', 'wander', 'forward', 'right', 'wander', 'right']
Gen   28 | best: 261.188 | avg: 96.556 | rule: ['wander', 'reverse', 'wander', 'left', 'left', 'reverse', 'forward', 'wander']
Gen   29 | best: 249.697 | avg: 131.869 | rule: ['wander', 'reverse', 'wander', 'left', 'left', 'reverse', 'forward', 'wander']
Gen   30 | best: 247.445 | avg: 40.751 | rule: ['reverse', 'left', 'forward', 'forward', 'reverse', 'left', 'wander', 'reverse']
Gen   31 | best: 250.932 | avg: -110.739 | rule: ['reverse', 'right', 'forward', 'forward', 'reverse', 'wander', 'forward', 'wander']
Gen   32 | best: 246.997 | avg: -248.326 | rule: ['forward', 'left', 'forward', 'reverse', 'right', 'reverse', 'right', 'forward']
Gen   33 | best: 248.058 | avg: -146.238 | rule: ['reverse', 'reverse', 'forward', 'right', 'forward', 'wander', 'wander', 'wander']
Gen   34 | best: 252.781 | avg: -76.322 | rule: ['reverse', 'reverse', 'reverse', 'wander', 'forward', 'wander', 'wander', 'wander']
Gen   35 | best: 254.683 | avg: -129.927 | rule: ['forward', 'wander', 'reverse', 'wander', 'forward', 'wander', 'right', 'forward']
Gen   36 | best: 250.000 | avg: -110.184 | rule: ['forward', 'forward', 'reverse', 'right', 'left', 'wander', 'reverse', 'forward']
Gen   37 | best: 252.920 | avg: -94.196 | rule: ['forward', 'forward', 'reverse', 'right', 'left', 'wander', 'reverse', 'forward']
Gen   38 | best: 256.751 | avg: -193.960 | rule: ['reverse', 'reverse', 'reverse', 'wander', 'left', 'forward', 'right', 'forward']
Gen   39 | best: 255.564 | avg: -133.684 | rule: ['forward', 'wander', 'forward', 'wander', 'wander', 'reverse', 'forward', 'reverse']
Gen   40 | best: 260.056 | avg: -297.523 | rule: ['wander', 'forward', 'reverse', 'reverse', 'right', 'forward', 'left', 'forward']
Gen   41 | best: 246.177 | avg: -146.945 | rule: ['wander', 'forward', 'reverse', 'wander', 'right', 'forward', 'wander', 'forward']
Gen   42 | best: 253.594 | avg: 27.491 | rule: ['forward', 'wander', 'reverse', 'wander', 'left', 'wander', 'wander', 'reverse']
Gen   43 | best: 259.192 | avg: 149.359 | rule: ['forward', 'left', 'wander', 'right', 'wander', 'right', 'left', 'right']
Gen   44 | best: 250.098 | avg: -42.316 | rule: ['forward', 'left', 'wander', 'right', 'wander', 'right', 'left', 'right']
Gen   45 | best: 257.888 | avg: 7.256 | rule: ['forward', 'left', 'reverse', 'right', 'right', 'reverse', 'forward', 'left']
Gen   46 | best: 243.858 | avg: -126.549 | rule: ['forward', 'left', 'wander', 'right', 'forward', 'right', 'left', 'right']
Gen   47 | best: 250.708 | avg: -8.635 | rule: ['forward', 'forward', 'wander', 'right', 'forward', 'right', 'reverse', 'right']
Gen   48 | best: 244.990 | avg: 25.988 | rule: ['reverse', 'right', 'reverse', 'right', 'right', 'left', 'wander', 'right']
Gen   49 | best: 251.519 | avg: -26.415 | rule: ['wander', 'forward', 'reverse', 'right', 'right', 'right', 'forward', 'left']
Gen   50 | best: 252.039 | avg: -37.714 | rule: ['forward', 'wander', 'reverse', 'reverse', 'right', 'wander', 'reverse', 'left']
Gen   51 | best: 252.833 | avg: 96.332 | rule: ['forward', 'forward', 'reverse', 'reverse', 'reverse', 'reverse', 'reverse', 'reverse']
Gen   52 | best: 261.209 | avg: 6.820 | rule: ['wander', 'wander', 'forward', 'reverse', 'forward', 'left', 'reverse', 'right']
Gen   53 | best: 256.724 | avg: 27.788 | rule: ['wander', 'forward', 'reverse', 'left', 'left', 'reverse', 'reverse', 'right']
Gen   54 | best: 256.668 | avg: 44.454 | rule: ['wander', 'wander', 'wander', 'reverse', 'right', 'reverse', 'reverse', 'right']
Gen   55 | best: 251.378 | avg: -7.320 | rule: ['reverse', 'forward', 'wander', 'right', 'right', 'left', 'wander', 'right']
Gen   56 | best: 251.486 | avg: 61.601 | rule: ['reverse', 'reverse', 'reverse', 'right', 'wander', 'wander', 'reverse', 'right']
Gen   57 | best: 249.273 | avg: 47.234 | rule: ['reverse', 'wander', 'reverse', 'right', 'wander', 'forward', 'left', 'wander']
Gen   58 | best: 263.702 | avg: 97.522 | rule: ['reverse', 'wander', 'reverse', 'left', 'wander', 'wander', 'right', 'left']
Gen   59 | best: 244.898 | avg: 8.632 | rule: ['reverse', 'wander', 'forward', 'left', 'wander', 'right', 'forward', 'right']
Gen   60 | best: 247.934 | avg: -196.553 | rule: ['wander', 'left', 'reverse', 'reverse', 'left', 'forward', 'wander', 'right']
Gen   61 | best: 248.879 | avg: -182.460 | rule: ['reverse', 'wander', 'forward', 'left', 'wander', 'right', 'forward', 'right']
Gen   62 | best: 247.681 | avg: -110.645 | rule: ['reverse', 'wander', 'forward', 'right', 'wander', 'right', 'forward', 'left']
Gen   63 | best: 251.842 | avg: -22.640 | rule: ['wander', 'forward', 'reverse', 'forward', 'forward', 'wander', 'wander', 'reverse']
Gen   64 | best: 255.678 | avg: 83.229 | rule: ['wander', 'right', 'reverse', 'forward', 'right', 'wander', 'left', 'reverse']
Gen   65 | best: 254.040 | avg: 63.716 | rule: ['reverse', 'left', 'forward', 'left', 'wander', 'reverse', 'forward', 'right']
Gen   66 | best: 251.080 | avg: 78.256 | rule: ['reverse', 'left', 'forward', 'left', 'wander', 'reverse', 'forward', 'left']
Gen   67 | best: 255.202 | avg: -89.063 | rule: ['reverse', 'wander', 'forward', 'left', 'wander', 'left', 'forward', 'left']
Gen   68 | best: 250.507 | avg: -196.721 | rule: ['wander', 'reverse', 'wander', 'right', 'wander', 'left', 'wander', 'left']
Gen   69 | best: 250.627 | avg: -248.345 | rule: ['wander', 'reverse', 'wander', 'right', 'wander', 'left', 'wander', 'left']
Gen   70 | best: 252.801 | avg: -143.596 | rule: ['reverse', 'reverse', 'reverse', 'left', 'wander', 'reverse', 'forward', 'right']
Gen   71 | best: 247.278 | avg: 45.455 | rule: ['wander', 'left', 'wander', 'left', 'wander', 'left', 'wander', 'forward']
Gen   72 | best: 257.971 | avg: 30.479 | rule: ['reverse', 'left', 'wander', 'right', 'right', 'forward', 'forward', 'right']
Gen   73 | best: 252.859 | avg: 59.378 | rule: ['reverse', 'wander', 'wander', 'forward', 'right', 'forward', 'left', 'forward']
Gen   74 | best: 244.477 | avg: -128.600 | rule: ['wander', 'right', 'wander', 'right', 'right', 'left', 'reverse', 'left']
Gen   75 | best: 251.927 | avg: -38.108 | rule: ['reverse', 'reverse', 'reverse', 'wander', 'right', 'forward', 'forward', 'right']
Gen   76 | best: 246.469 | avg: -93.681 | rule: ['wander', 'wander', 'reverse', 'right', 'forward', 'forward', 'reverse', 'right']
Gen   77 | best: 247.797 | avg: -99.194 | rule: ['forward', 'left', 'left', 'forward', 'right', 'right', 'reverse', 'right']
Gen   78 | best: 244.325 | avg: -167.568 | rule: ['reverse', 'right', 'reverse', 'right', 'forward', 'wander', 'reverse', 'right']
Gen   79 | best: 240.386 | avg: -113.131 | rule: ['reverse', 'left', 'right', 'wander', 'wander', 'left', 'forward', 'reverse']
Gen   80 | best: 251.299 | avg: 7.133 | rule: ['reverse', 'left', 'left', 'forward', 'forward', 'right', 'reverse', 'forward']
Gen   81 | best: 236.739 | avg: -64.180 | rule: ['reverse', 'wander', 'wander', 'forward', 'reverse', 'reverse', 'forward', 'right']
Gen   82 | best: 252.839 | avg: 27.985 | rule: ['reverse', 'reverse', 'right', 'reverse', 'forward', 'right', 'forward', 'forward']
Gen   83 | best: 242.027 | avg: 38.141 | rule: ['reverse', 'left', 'right', 'forward', 'wander', 'left', 'left', 'reverse']
Gen   84 | best: 251.978 | avg: 94.220 | rule: ['reverse', 'wander', 'reverse', 'forward', 'left', 'right', 'left', 'reverse']
Gen   85 | best: 248.666 | avg: -5.295 | rule: ['wander', 'forward', 'left', 'forward', 'reverse', 'left', 'reverse', 'right']
Gen   86 | best: 250.586 | avg: -25.929 | rule: ['forward', 'right', 'left', 'forward', 'right', 'wander', 'right', 'forward']
Gen   87 | best: 249.234 | avg: -166.524 | rule: ['reverse', 'wander', 'reverse', 'reverse', 'reverse', 'right', 'right', 'reverse']
Gen   88 | best: 251.149 | avg: -60.813 | rule: ['reverse', 'wander', 'reverse', 'reverse', 'reverse', 'right', 'right', 'reverse']
Gen   89 | best: 254.145 | avg: -75.846 | rule: ['reverse', 'wander', 'wander', 'reverse', 'reverse', 'forward', 'right', 'forward']
Gen   90 | best: 245.717 | avg: -59.766 | rule: ['reverse', 'forward', 'left', 'forward', 'reverse', 'wander', 'right', 'right']
Gen   91 | best: 251.581 | avg: -61.670 | rule: ['reverse', 'reverse', 'wander', 'wander', 'reverse', 'right', 'right', 'reverse']
Gen   92 | best: 253.767 | avg: 26.081 | rule: ['reverse', 'right', 'right', 'forward', 'reverse', 'left', 'forward', 'forward']
Gen   93 | best: 246.047 | avg: -132.041 | rule: ['wander', 'right', 'right', 'wander', 'right', 'right', 'left', 'left']
Gen   94 | best: 254.688 | avg: -7.478 | rule: ['wander', 'forward', 'left', 'wander', 'reverse', 'forward', 'left', 'reverse']
Gen   95 | best: 249.026 | avg: -7.712 | rule: ['wander', 'forward', 'wander', 'wander', 'reverse', 'right', 'wander', 'left']
Gen   96 | best: 248.761 | avg: -127.312 | rule: ['reverse', 'wander', 'forward', 'reverse', 'wander', 'right', 'left', 'right']
Gen   97 | best: 250.747 | avg: 93.420 | rule: ['reverse', 'wander', 'wander', 'wander', 'wander', 'reverse', 'left', 'reverse']
Gen   98 | best: 247.753 | avg: 133.282 | rule: ['wander', 'left', 'reverse', 'forward', 'forward', 'forward', 'reverse', 'reverse']
Gen   99 | best: 243.745 | avg: 76.120 | rule: ['wander', 'left', 'reverse', 'wander', 'left', 'right', 'reverse', 'reverse']
